<?xml version="1.0" encoding="UTF-8"?>
<testng-results ignored="0" total="1" passed="1" failed="0" skipped="0">
  <reporter-output>
  </reporter-output>
  <suite started-at="2024-03-16T14:56:12 IST" name="Default suite" finished-at="2024-03-16T14:56:24 IST" duration-ms="11963">
    <groups>
    </groups>
    <test started-at="2024-03-16T14:56:12 IST" name="Default test" finished-at="2024-03-16T14:56:24 IST" duration-ms="11963">
      <class name="test.MedsolLoginTest">
        <test-method is-config="true" signature="setup()[pri:0, instance:test.MedsolLoginTest@65ef722a]" started-at="2024-03-16T14:56:12 IST" name="setup" finished-at="2024-03-16T14:56:21 IST" duration-ms="8499" status="PASS">
          <reporter-output>
          </reporter-output>
        </test-method> <!-- setup -->
        <test-method signature="test_Home_Page_Appear_Correct()[pri:0, instance:test.MedsolLoginTest@65ef722a]" started-at="2024-03-16T14:56:21 IST" name="test_Home_Page_Appear_Correct" finished-at="2024-03-16T14:56:24 IST" duration-ms="3412" status="PASS">
          <reporter-output>
          </reporter-output>
        </test-method> <!-- test_Home_Page_Appear_Correct -->
      </class> <!-- test.MedsolLoginTest -->
    </test> <!-- Default test -->
  </suite> <!-- Default suite -->
</testng-results>
